Base path: C:/Program Files/Unity/Hub/Editor/2019.1.10f1/Editor/Data
Cmd: initializeCompiler
Cmd: preprocess
  insize=4875 outsize=3447 ok=1
Cmd: preprocess
  insize=2272 outsize=472 ok=1
Cmd: preprocess
  insize=3387 outsize=1962 ok=1
Cmd: preprocess
  insize=6916 outsize=1715 ok=1
Cmd: preprocess
  insize=3868 outsize=391 ok=1
Cmd: preprocess
  insize=5500 outsize=1818 ok=1
Cmd: preprocess
  insize=3195 outsize=1019 ok=1
Cmd: preprocess
  insize=5105 outsize=1914 ok=1
Cmd: preprocess
  insize=5744 outsize=2867 ok=1
Cmd: preprocess
  insize=6201 outsize=4067 ok=1
Cmd: preprocess
  insize=6905 outsize=3365 ok=1
Cmd: preprocess
  insize=8198 outsize=4187 ok=1
Cmd: preprocess
  insize=5796 outsize=3818 ok=1
Cmd: preprocess
  insize=1980 outsize=356 ok=1
Cmd: preprocess
  insize=726 outsize=329 ok=1
Cmd: preprocess
  insize=3169 outsize=1001 ok=1
Cmd: preprocess
  insize=6555 outsize=938 ok=1
Cmd: preprocess
  insize=49944 outsize=2499 ok=1
Cmd: preprocess
  insize=50996 outsize=2521 ok=1
Cmd: preprocess
  insize=47265 outsize=1744 ok=1
Cmd: preprocess
  insize=53741 outsize=2567 ok=1
Cmd: compileSnippet
  api=4 type=0 insize=16611 outsize=5642 kw=_SUNDISK_SIMPLE pd=UNITY_ENABLE_REFLECTION_BUFFERS UNITY_USE_DITHER_MASK_FOR_ALPHABLENDED_SHADOWS UNITY_PBS_USE_BRDF1 UNITY_SPECCUBE_BOX_PROJECTION UNITY_SPECCUBE_BLENDING UNITY_ENABLE_DETAIL_NORMALMAP SHADER_API_DESKTOP UNITY_LIGHT_PROBE_PROXY_VOLUME UNITY_LIGHTMAP_FULL_HDR ok=1
Cmd: compileSnippet
  api=4 type=1 insize=16611 outsize=882 kw=_SUNDISK_SIMPLE pd=UNITY_ENABLE_REFLECTION_BUFFERS UNITY_USE_DITHER_MASK_FOR_ALPHABLENDED_SHADOWS UNITY_PBS_USE_BRDF1 UNITY_SPECCUBE_BOX_PROJECTION UNITY_SPECCUBE_BLENDING UNITY_ENABLE_DETAIL_NORMALMAP SHADER_API_DESKTOP UNITY_LIGHT_PROBE_PROXY_VOLUME UNITY_LIGHTMAP_FULL_HDR ok=1
